2016-12-19 10:23:17 [::1][-][-][error][yii\web\HttpException:404] exception 'yii\web\NotFoundHttpException' with message 'Page not found.' in /Users/tungphung/Documents/Sites/talent_pool/vendor/yiisoft/yii2/web/Request.php:191
Stack trace:
#0 /Users/tungphung/Documents/Sites/talent_pool/vendor/yiisoft/yii2/web/Application.php(80): yii\web\Request->resolve()
#1 /Users/tungphung/Documents/Sites/talent_pool/vendor/yiisoft/yii2/base/Application.php(375): yii\web\Application->handleRequest(Object(yii\web\Request))
#2 /Users/tungphung/Documents/Sites/talent_pool/api/web/index.php(19): yii\base\Application->run()
#3 {main}
2016-12-19 10:23:17 [::1][-][-][info][application] $_COOKIE = [
    '_identity' => '0060efa791d9135aee4f20b3d80f06d4c907c74ca5990cb619d17d31f89c44a2a:2:{i:0;s:9:\"_identity\";i:1;s:28:\"[\"101\",\"test101key\",2592000]\";}'
    '_csrf-frontend' => 'e71fc3cd7bd4f391c7880e0c5c7805b19b28fafd65a48ad2ae37d496c635c59ba:2:{i:0;s:14:\"_csrf-frontend\";i:1;s:32:\"RrJUCHbv5u2X0mm7SxB8eX9qNn4uvrV4\";}'
    '_frontendSessionId' => 'nq087riv7lcejrsq7oqhpktn07'
    '_csrf-backend' => '97254d325b6c69769caade43065430ac85dcdcc5a688c50ba0fa103ee84ad295a:2:{i:0;s:13:\"_csrf-backend\";i:1;s:32:\"6xBrSVgWRNhxWwg5BMWBVKSVUINSr0gu\";}'
    'advanced-backend' => 'g6pmtvm0h3ehqkhanuj0iscj45'
    '_csrf' => '509f2a8b8cdaffd28cc9e57d20dc9da8bc77b2dcbcb284ee4fb88e005f0056e8a:2:{i:0;s:5:\"_csrf\";i:1;s:32:\"JBDGcKWYAymcpzzv9ljk2qRve9ZB84nn\";}'
    '_backendSessionId' => '1mr5gc459b07c9qjjav64ur7q1'
    'advanced-frontend' => '1ppohmo32kjo8dahftmoq30p06'
    '_identity-frontend' => '350321ae70958a68392481d1b926039115ad0adff7199318c7721d8926aa25a9a:2:{i:0;s:18:\"_identity-frontend\";i:1;s:46:\"[6,\"DD0oJVPj4B0Q8no3ciPjZw9iFeQDDKmZ\",2592000]\";}'
    '_identity-backend' => '54bef117b168d5bedaaac17de363c9013795b65648dbf95d69f01e5e0440dda2a:2:{i:0;s:17:\"_identity-backend\";i:1;s:46:\"[1,\"zTaCsnNMZbF18Ik1zf-KVkFXMp5yZVwp\",2592000]\";}'
]

$_SERVER = [
    'UNIQUE_ID' => 'WFdElH8AAAEAAA0t9hYAAAAL'
    'HTTP_HOST' => 'localhost'
    'HTTP_CONNECTION' => 'keep-alive'
    'HTTP_UPGRADE_INSECURE_REQUESTS' => '1'
    'HTTP_USER_AGENT' => 'Mozilla/5.0 (Macintosh; Intel Mac OS X 10_12_1) AppleWebKit/537.36 (KHTML, like Gecko) Chrome/55.0.2883.95 Safari/537.36'
    'HTTP_ACCEPT' => 'text/html,application/xhtml+xml,application/xml;q=0.9,image/webp,*/*;q=0.8'
    'HTTP_REFERER' => 'http://localhost/talent_pool/api/'
    'HTTP_ACCEPT_ENCODING' => 'gzip, deflate, sdch, br'
    'HTTP_ACCEPT_LANGUAGE' => 'en-GB,en-US;q=0.8,en;q=0.6'
    'HTTP_COOKIE' => '_identity=0060efa791d9135aee4f20b3d80f06d4c907c74ca5990cb619d17d31f89c44a2a%3A2%3A%7Bi%3A0%3Bs%3A9%3A%22_identity%22%3Bi%3A1%3Bs%3A28%3A%22%5B%22101%22%2C%22test101key%22%2C2592000%5D%22%3B%7D; _csrf-frontend=e71fc3cd7bd4f391c7880e0c5c7805b19b28fafd65a48ad2ae37d496c635c59ba%3A2%3A%7Bi%3A0%3Bs%3A14%3A%22_csrf-frontend%22%3Bi%3A1%3Bs%3A32%3A%22RrJUCHbv5u2X0mm7SxB8eX9qNn4uvrV4%22%3B%7D; _frontendSessionId=nq087riv7lcejrsq7oqhpktn07; _csrf-backend=97254d325b6c69769caade43065430ac85dcdcc5a688c50ba0fa103ee84ad295a%3A2%3A%7Bi%3A0%3Bs%3A13%3A%22_csrf-backend%22%3Bi%3A1%3Bs%3A32%3A%226xBrSVgWRNhxWwg5BMWBVKSVUINSr0gu%22%3B%7D; advanced-backend=g6pmtvm0h3ehqkhanuj0iscj45; _csrf=509f2a8b8cdaffd28cc9e57d20dc9da8bc77b2dcbcb284ee4fb88e005f0056e8a%3A2%3A%7Bi%3A0%3Bs%3A5%3A%22_csrf%22%3Bi%3A1%3Bs%3A32%3A%22JBDGcKWYAymcpzzv9ljk2qRve9ZB84nn%22%3B%7D; _backendSessionId=1mr5gc459b07c9qjjav64ur7q1; advanced-frontend=1ppohmo32kjo8dahftmoq30p06; _identity-frontend=350321ae70958a68392481d1b926039115ad0adff7199318c7721d8926aa25a9a%3A2%3A%7Bi%3A0%3Bs%3A18%3A%22_identity-frontend%22%3Bi%3A1%3Bs%3A46%3A%22%5B6%2C%22DD0oJVPj4B0Q8no3ciPjZw9iFeQDDKmZ%22%2C2592000%5D%22%3B%7D; _identity-backend=54bef117b168d5bedaaac17de363c9013795b65648dbf95d69f01e5e0440dda2a%3A2%3A%7Bi%3A0%3Bs%3A17%3A%22_identity-backend%22%3Bi%3A1%3Bs%3A46%3A%22%5B1%2C%22zTaCsnNMZbF18Ik1zf-KVkFXMp5yZVwp%22%2C2592000%5D%22%3B%7D'
    'PATH' => '/usr/bin:/bin:/usr/sbin:/sbin'
    'DYLD_LIBRARY_PATH' => '/Applications/XAMPP/xamppfiles/lib'
    'SERVER_SIGNATURE' => ''
    'SERVER_SOFTWARE' => 'Apache/2.4.23 (Unix) OpenSSL/1.0.2h PHP/5.6.24 mod_perl/2.0.8-dev Perl/v5.16.3'
    'SERVER_NAME' => 'localhost'
    'SERVER_ADDR' => '::1'
    'SERVER_PORT' => '80'
    'REMOTE_ADDR' => '::1'
    'DOCUMENT_ROOT' => '/Users/tungphung/Documents/Sites'
    'REQUEST_SCHEME' => 'http'
    'CONTEXT_PREFIX' => ''
    'CONTEXT_DOCUMENT_ROOT' => '/Users/tungphung/Documents/Sites'
    'SERVER_ADMIN' => 'you@example.com'
    'SCRIPT_FILENAME' => '/Users/tungphung/Documents/Sites/talent_pool/api/web/index.php'
    'REMOTE_PORT' => '50856'
    'GATEWAY_INTERFACE' => 'CGI/1.1'
    'SERVER_PROTOCOL' => 'HTTP/1.1'
    'REQUEST_METHOD' => 'GET'
    'QUERY_STRING' => ''
    'REQUEST_URI' => '/talent_pool/api/web/'
    'SCRIPT_NAME' => '/talent_pool/api/web/index.php'
    'PHP_SELF' => '/talent_pool/api/web/index.php'
    'REQUEST_TIME_FLOAT' => 1482114196.897
    'REQUEST_TIME' => 1482114196
]
2016-12-19 10:23:37 [::1][-][-][error][yii\web\HttpException:404] exception 'yii\web\NotFoundHttpException' with message 'Page not found.' in /Users/tungphung/Documents/Sites/talent_pool/vendor/yiisoft/yii2/web/Request.php:191
Stack trace:
#0 /Users/tungphung/Documents/Sites/talent_pool/vendor/yiisoft/yii2/web/Application.php(80): yii\web\Request->resolve()
#1 /Users/tungphung/Documents/Sites/talent_pool/vendor/yiisoft/yii2/base/Application.php(375): yii\web\Application->handleRequest(Object(yii\web\Request))
#2 /Users/tungphung/Documents/Sites/talent_pool/api/web/index.php(19): yii\base\Application->run()
#3 {main}
2016-12-19 10:23:37 [::1][-][-][info][application] $_COOKIE = [
    '_identity' => '0060efa791d9135aee4f20b3d80f06d4c907c74ca5990cb619d17d31f89c44a2a:2:{i:0;s:9:\"_identity\";i:1;s:28:\"[\"101\",\"test101key\",2592000]\";}'
    '_csrf-frontend' => 'e71fc3cd7bd4f391c7880e0c5c7805b19b28fafd65a48ad2ae37d496c635c59ba:2:{i:0;s:14:\"_csrf-frontend\";i:1;s:32:\"RrJUCHbv5u2X0mm7SxB8eX9qNn4uvrV4\";}'
    '_frontendSessionId' => 'nq087riv7lcejrsq7oqhpktn07'
    '_csrf-backend' => '97254d325b6c69769caade43065430ac85dcdcc5a688c50ba0fa103ee84ad295a:2:{i:0;s:13:\"_csrf-backend\";i:1;s:32:\"6xBrSVgWRNhxWwg5BMWBVKSVUINSr0gu\";}'
    'advanced-backend' => 'g6pmtvm0h3ehqkhanuj0iscj45'
    '_csrf' => '509f2a8b8cdaffd28cc9e57d20dc9da8bc77b2dcbcb284ee4fb88e005f0056e8a:2:{i:0;s:5:\"_csrf\";i:1;s:32:\"JBDGcKWYAymcpzzv9ljk2qRve9ZB84nn\";}'
    '_backendSessionId' => '1mr5gc459b07c9qjjav64ur7q1'
    'advanced-frontend' => '1ppohmo32kjo8dahftmoq30p06'
    '_identity-frontend' => '350321ae70958a68392481d1b926039115ad0adff7199318c7721d8926aa25a9a:2:{i:0;s:18:\"_identity-frontend\";i:1;s:46:\"[6,\"DD0oJVPj4B0Q8no3ciPjZw9iFeQDDKmZ\",2592000]\";}'
    '_identity-backend' => '54bef117b168d5bedaaac17de363c9013795b65648dbf95d69f01e5e0440dda2a:2:{i:0;s:17:\"_identity-backend\";i:1;s:46:\"[1,\"zTaCsnNMZbF18Ik1zf-KVkFXMp5yZVwp\",2592000]\";}'
]

$_SERVER = [
    'UNIQUE_ID' => 'WFdEqX8AAAEAAATer0UAAAAC'
    'HTTP_HOST' => 'localhost'
    'HTTP_CONNECTION' => 'keep-alive'
    'HTTP_UPGRADE_INSECURE_REQUESTS' => '1'
    'HTTP_USER_AGENT' => 'Mozilla/5.0 (Macintosh; Intel Mac OS X 10_12_1) AppleWebKit/537.36 (KHTML, like Gecko) Chrome/55.0.2883.95 Safari/537.36'
    'HTTP_ACCEPT' => 'text/html,application/xhtml+xml,application/xml;q=0.9,image/webp,*/*;q=0.8'
    'HTTP_REFERER' => 'http://localhost/talent_pool/api/'
    'HTTP_ACCEPT_ENCODING' => 'gzip, deflate, sdch, br'
    'HTTP_ACCEPT_LANGUAGE' => 'en-GB,en-US;q=0.8,en;q=0.6'
    'HTTP_COOKIE' => '_identity=0060efa791d9135aee4f20b3d80f06d4c907c74ca5990cb619d17d31f89c44a2a%3A2%3A%7Bi%3A0%3Bs%3A9%3A%22_identity%22%3Bi%3A1%3Bs%3A28%3A%22%5B%22101%22%2C%22test101key%22%2C2592000%5D%22%3B%7D; _csrf-frontend=e71fc3cd7bd4f391c7880e0c5c7805b19b28fafd65a48ad2ae37d496c635c59ba%3A2%3A%7Bi%3A0%3Bs%3A14%3A%22_csrf-frontend%22%3Bi%3A1%3Bs%3A32%3A%22RrJUCHbv5u2X0mm7SxB8eX9qNn4uvrV4%22%3B%7D; _frontendSessionId=nq087riv7lcejrsq7oqhpktn07; _csrf-backend=97254d325b6c69769caade43065430ac85dcdcc5a688c50ba0fa103ee84ad295a%3A2%3A%7Bi%3A0%3Bs%3A13%3A%22_csrf-backend%22%3Bi%3A1%3Bs%3A32%3A%226xBrSVgWRNhxWwg5BMWBVKSVUINSr0gu%22%3B%7D; advanced-backend=g6pmtvm0h3ehqkhanuj0iscj45; _csrf=509f2a8b8cdaffd28cc9e57d20dc9da8bc77b2dcbcb284ee4fb88e005f0056e8a%3A2%3A%7Bi%3A0%3Bs%3A5%3A%22_csrf%22%3Bi%3A1%3Bs%3A32%3A%22JBDGcKWYAymcpzzv9ljk2qRve9ZB84nn%22%3B%7D; _backendSessionId=1mr5gc459b07c9qjjav64ur7q1; advanced-frontend=1ppohmo32kjo8dahftmoq30p06; _identity-frontend=350321ae70958a68392481d1b926039115ad0adff7199318c7721d8926aa25a9a%3A2%3A%7Bi%3A0%3Bs%3A18%3A%22_identity-frontend%22%3Bi%3A1%3Bs%3A46%3A%22%5B6%2C%22DD0oJVPj4B0Q8no3ciPjZw9iFeQDDKmZ%22%2C2592000%5D%22%3B%7D; _identity-backend=54bef117b168d5bedaaac17de363c9013795b65648dbf95d69f01e5e0440dda2a%3A2%3A%7Bi%3A0%3Bs%3A17%3A%22_identity-backend%22%3Bi%3A1%3Bs%3A46%3A%22%5B1%2C%22zTaCsnNMZbF18Ik1zf-KVkFXMp5yZVwp%22%2C2592000%5D%22%3B%7D'
    'PATH' => '/usr/bin:/bin:/usr/sbin:/sbin'
    'DYLD_LIBRARY_PATH' => '/Applications/XAMPP/xamppfiles/lib'
    'SERVER_SIGNATURE' => ''
    'SERVER_SOFTWARE' => 'Apache/2.4.23 (Unix) OpenSSL/1.0.2h PHP/5.6.24 mod_perl/2.0.8-dev Perl/v5.16.3'
    'SERVER_NAME' => 'localhost'
    'SERVER_ADDR' => '::1'
    'SERVER_PORT' => '80'
    'REMOTE_ADDR' => '::1'
    'DOCUMENT_ROOT' => '/Users/tungphung/Documents/Sites'
    'REQUEST_SCHEME' => 'http'
    'CONTEXT_PREFIX' => ''
    'CONTEXT_DOCUMENT_ROOT' => '/Users/tungphung/Documents/Sites'
    'SERVER_ADMIN' => 'you@example.com'
    'SCRIPT_FILENAME' => '/Users/tungphung/Documents/Sites/talent_pool/api/web/index.php'
    'REMOTE_PORT' => '50863'
    'GATEWAY_INTERFACE' => 'CGI/1.1'
    'SERVER_PROTOCOL' => 'HTTP/1.1'
    'REQUEST_METHOD' => 'GET'
    'QUERY_STRING' => ''
    'REQUEST_URI' => '/talent_pool/api/web/'
    'SCRIPT_NAME' => '/talent_pool/api/web/index.php'
    'PHP_SELF' => '/talent_pool/api/web/index.php'
    'REQUEST_TIME_FLOAT' => 1482114217.715
    'REQUEST_TIME' => 1482114217
]
2016-12-19 13:51:39 [::1][-][-][error][yii\web\HttpException:404] exception 'yii\web\NotFoundHttpException' with message 'Page not found.' in /Users/tungphung/Documents/Sites/talent_pool/vendor/yiisoft/yii2/web/Request.php:191
Stack trace:
#0 /Users/tungphung/Documents/Sites/talent_pool/vendor/yiisoft/yii2/web/Application.php(80): yii\web\Request->resolve()
#1 /Users/tungphung/Documents/Sites/talent_pool/vendor/yiisoft/yii2/base/Application.php(375): yii\web\Application->handleRequest(Object(yii\web\Request))
#2 /Users/tungphung/Documents/Sites/talent_pool/api/web/index.php(19): yii\base\Application->run()
#3 {main}
2016-12-19 13:51:39 [::1][-][-][info][application] $_COOKIE = [
    '_identity' => '0060efa791d9135aee4f20b3d80f06d4c907c74ca5990cb619d17d31f89c44a2a:2:{i:0;s:9:\"_identity\";i:1;s:28:\"[\"101\",\"test101key\",2592000]\";}'
    '_csrf-frontend' => 'e71fc3cd7bd4f391c7880e0c5c7805b19b28fafd65a48ad2ae37d496c635c59ba:2:{i:0;s:14:\"_csrf-frontend\";i:1;s:32:\"RrJUCHbv5u2X0mm7SxB8eX9qNn4uvrV4\";}'
    '_frontendSessionId' => 'nq087riv7lcejrsq7oqhpktn07'
    '_csrf-backend' => '97254d325b6c69769caade43065430ac85dcdcc5a688c50ba0fa103ee84ad295a:2:{i:0;s:13:\"_csrf-backend\";i:1;s:32:\"6xBrSVgWRNhxWwg5BMWBVKSVUINSr0gu\";}'
    'advanced-backend' => 'g6pmtvm0h3ehqkhanuj0iscj45'
    '_csrf' => '509f2a8b8cdaffd28cc9e57d20dc9da8bc77b2dcbcb284ee4fb88e005f0056e8a:2:{i:0;s:5:\"_csrf\";i:1;s:32:\"JBDGcKWYAymcpzzv9ljk2qRve9ZB84nn\";}'
    '_backendSessionId' => '1mr5gc459b07c9qjjav64ur7q1'
    '_identity-backend' => '54bef117b168d5bedaaac17de363c9013795b65648dbf95d69f01e5e0440dda2a:2:{i:0;s:17:\"_identity-backend\";i:1;s:46:\"[1,\"zTaCsnNMZbF18Ik1zf-KVkFXMp5yZVwp\",2592000]\";}'
    'advanced-frontend' => 'h9154st6h8hn7n47p8th99hpt7'
    '_identity-frontend' => 'b2f89ade16f883e4e40c3ded0a7890223fb5adde86d2933f312f56e1029cd4d8a:2:{i:0;s:18:\"_identity-frontend\";i:1;s:46:\"[2,\"Gu1xmpCSHXkfKUXwD6OWEReN2MZIUOiI\",2592000]\";}'
]

$_SERVER = [
    'UNIQUE_ID' => 'WFd1a38AAAEAAA0t9h4AAAAL'
    'HTTP_HOST' => 'localhost'
    'HTTP_CONNECTION' => 'keep-alive'
    'HTTP_UPGRADE_INSECURE_REQUESTS' => '1'
    'HTTP_USER_AGENT' => 'Mozilla/5.0 (Macintosh; Intel Mac OS X 10_12_1) AppleWebKit/537.36 (KHTML, like Gecko) Chrome/55.0.2883.95 Safari/537.36'
    'HTTP_ACCEPT' => 'text/html,application/xhtml+xml,application/xml;q=0.9,image/webp,*/*;q=0.8'
    'HTTP_REFERER' => 'http://localhost/talent_pool/api/'
    'HTTP_ACCEPT_ENCODING' => 'gzip, deflate, sdch, br'
    'HTTP_ACCEPT_LANGUAGE' => 'en-GB,en-US;q=0.8,en;q=0.6'
    'HTTP_COOKIE' => '_identity=0060efa791d9135aee4f20b3d80f06d4c907c74ca5990cb619d17d31f89c44a2a%3A2%3A%7Bi%3A0%3Bs%3A9%3A%22_identity%22%3Bi%3A1%3Bs%3A28%3A%22%5B%22101%22%2C%22test101key%22%2C2592000%5D%22%3B%7D; _csrf-frontend=e71fc3cd7bd4f391c7880e0c5c7805b19b28fafd65a48ad2ae37d496c635c59ba%3A2%3A%7Bi%3A0%3Bs%3A14%3A%22_csrf-frontend%22%3Bi%3A1%3Bs%3A32%3A%22RrJUCHbv5u2X0mm7SxB8eX9qNn4uvrV4%22%3B%7D; _frontendSessionId=nq087riv7lcejrsq7oqhpktn07; _csrf-backend=97254d325b6c69769caade43065430ac85dcdcc5a688c50ba0fa103ee84ad295a%3A2%3A%7Bi%3A0%3Bs%3A13%3A%22_csrf-backend%22%3Bi%3A1%3Bs%3A32%3A%226xBrSVgWRNhxWwg5BMWBVKSVUINSr0gu%22%3B%7D; advanced-backend=g6pmtvm0h3ehqkhanuj0iscj45; _csrf=509f2a8b8cdaffd28cc9e57d20dc9da8bc77b2dcbcb284ee4fb88e005f0056e8a%3A2%3A%7Bi%3A0%3Bs%3A5%3A%22_csrf%22%3Bi%3A1%3Bs%3A32%3A%22JBDGcKWYAymcpzzv9ljk2qRve9ZB84nn%22%3B%7D; _backendSessionId=1mr5gc459b07c9qjjav64ur7q1; _identity-backend=54bef117b168d5bedaaac17de363c9013795b65648dbf95d69f01e5e0440dda2a%3A2%3A%7Bi%3A0%3Bs%3A17%3A%22_identity-backend%22%3Bi%3A1%3Bs%3A46%3A%22%5B1%2C%22zTaCsnNMZbF18Ik1zf-KVkFXMp5yZVwp%22%2C2592000%5D%22%3B%7D; advanced-frontend=h9154st6h8hn7n47p8th99hpt7; _identity-frontend=b2f89ade16f883e4e40c3ded0a7890223fb5adde86d2933f312f56e1029cd4d8a%3A2%3A%7Bi%3A0%3Bs%3A18%3A%22_identity-frontend%22%3Bi%3A1%3Bs%3A46%3A%22%5B2%2C%22Gu1xmpCSHXkfKUXwD6OWEReN2MZIUOiI%22%2C2592000%5D%22%3B%7D'
    'PATH' => '/usr/bin:/bin:/usr/sbin:/sbin'
    'DYLD_LIBRARY_PATH' => '/Applications/XAMPP/xamppfiles/lib'
    'SERVER_SIGNATURE' => ''
    'SERVER_SOFTWARE' => 'Apache/2.4.23 (Unix) OpenSSL/1.0.2h PHP/5.6.24 mod_perl/2.0.8-dev Perl/v5.16.3'
    'SERVER_NAME' => 'localhost'
    'SERVER_ADDR' => '::1'
    'SERVER_PORT' => '80'
    'REMOTE_ADDR' => '::1'
    'DOCUMENT_ROOT' => '/Users/tungphung/Documents/Sites'
    'REQUEST_SCHEME' => 'http'
    'CONTEXT_PREFIX' => ''
    'CONTEXT_DOCUMENT_ROOT' => '/Users/tungphung/Documents/Sites'
    'SERVER_ADMIN' => 'you@example.com'
    'SCRIPT_FILENAME' => '/Users/tungphung/Documents/Sites/talent_pool/api/web/index.php'
    'REMOTE_PORT' => '52957'
    'GATEWAY_INTERFACE' => 'CGI/1.1'
    'SERVER_PROTOCOL' => 'HTTP/1.1'
    'REQUEST_METHOD' => 'GET'
    'QUERY_STRING' => ''
    'REQUEST_URI' => '/talent_pool/api/web/'
    'SCRIPT_NAME' => '/talent_pool/api/web/index.php'
    'PHP_SELF' => '/talent_pool/api/web/index.php'
    'REQUEST_TIME_FLOAT' => 1482126699.349
    'REQUEST_TIME' => 1482126699
]
2016-12-19 14:29:11 [::1][-][-][error][yii\web\HttpException:404] exception 'yii\web\NotFoundHttpException' with message 'Page not found.' in /Users/tungphung/Documents/Sites/talent_pool/vendor/yiisoft/yii2/web/Request.php:191
Stack trace:
#0 /Users/tungphung/Documents/Sites/talent_pool/vendor/yiisoft/yii2/web/Application.php(80): yii\web\Request->resolve()
#1 /Users/tungphung/Documents/Sites/talent_pool/vendor/yiisoft/yii2/base/Application.php(375): yii\web\Application->handleRequest(Object(yii\web\Request))
#2 /Users/tungphung/Documents/Sites/talent_pool/api/web/index.php(19): yii\base\Application->run()
#3 {main}
2016-12-19 14:29:11 [::1][-][-][info][application] $_COOKIE = [
    '_identity' => '0060efa791d9135aee4f20b3d80f06d4c907c74ca5990cb619d17d31f89c44a2a:2:{i:0;s:9:\"_identity\";i:1;s:28:\"[\"101\",\"test101key\",2592000]\";}'
    '_csrf-frontend' => 'e71fc3cd7bd4f391c7880e0c5c7805b19b28fafd65a48ad2ae37d496c635c59ba:2:{i:0;s:14:\"_csrf-frontend\";i:1;s:32:\"RrJUCHbv5u2X0mm7SxB8eX9qNn4uvrV4\";}'
    '_frontendSessionId' => 'nq087riv7lcejrsq7oqhpktn07'
    '_csrf-backend' => '97254d325b6c69769caade43065430ac85dcdcc5a688c50ba0fa103ee84ad295a:2:{i:0;s:13:\"_csrf-backend\";i:1;s:32:\"6xBrSVgWRNhxWwg5BMWBVKSVUINSr0gu\";}'
    'advanced-backend' => 'g6pmtvm0h3ehqkhanuj0iscj45'
    '_csrf' => '509f2a8b8cdaffd28cc9e57d20dc9da8bc77b2dcbcb284ee4fb88e005f0056e8a:2:{i:0;s:5:\"_csrf\";i:1;s:32:\"JBDGcKWYAymcpzzv9ljk2qRve9ZB84nn\";}'
    '_backendSessionId' => '1mr5gc459b07c9qjjav64ur7q1'
    '_identity-backend' => '54bef117b168d5bedaaac17de363c9013795b65648dbf95d69f01e5e0440dda2a:2:{i:0;s:17:\"_identity-backend\";i:1;s:46:\"[1,\"zTaCsnNMZbF18Ik1zf-KVkFXMp5yZVwp\",2592000]\";}'
    'advanced-frontend' => 'i02fsi19j2d79n6knu60r54hu3'
    '_identity-frontend' => '63c8b39a080d60c087f84fd2e7a1a61c86ecf66022ffa32ecfbcefdcaaf3bb88a:2:{i:0;s:18:\"_identity-frontend\";i:1;s:46:\"[5,\"-bFVVOUlE9LTmcgEyk8EljZ9d7hgCJAp\",2592000]\";}'
]

$_SERVER = [
    'UNIQUE_ID' => 'WFd@N38AAAEAACQoorwAAAAB'
    'HTTP_HOST' => 'localhost'
    'HTTP_CONNECTION' => 'keep-alive'
    'HTTP_UPGRADE_INSECURE_REQUESTS' => '1'
    'HTTP_USER_AGENT' => 'Mozilla/5.0 (Macintosh; Intel Mac OS X 10_12_1) AppleWebKit/537.36 (KHTML, like Gecko) Chrome/55.0.2883.95 Safari/537.36'
    'HTTP_ACCEPT' => 'text/html,application/xhtml+xml,application/xml;q=0.9,image/webp,*/*;q=0.8'
    'HTTP_ACCEPT_ENCODING' => 'gzip, deflate, sdch, br'
    'HTTP_ACCEPT_LANGUAGE' => 'en-GB,en-US;q=0.8,en;q=0.6'
    'HTTP_COOKIE' => '_identity=0060efa791d9135aee4f20b3d80f06d4c907c74ca5990cb619d17d31f89c44a2a%3A2%3A%7Bi%3A0%3Bs%3A9%3A%22_identity%22%3Bi%3A1%3Bs%3A28%3A%22%5B%22101%22%2C%22test101key%22%2C2592000%5D%22%3B%7D; _csrf-frontend=e71fc3cd7bd4f391c7880e0c5c7805b19b28fafd65a48ad2ae37d496c635c59ba%3A2%3A%7Bi%3A0%3Bs%3A14%3A%22_csrf-frontend%22%3Bi%3A1%3Bs%3A32%3A%22RrJUCHbv5u2X0mm7SxB8eX9qNn4uvrV4%22%3B%7D; _frontendSessionId=nq087riv7lcejrsq7oqhpktn07; _csrf-backend=97254d325b6c69769caade43065430ac85dcdcc5a688c50ba0fa103ee84ad295a%3A2%3A%7Bi%3A0%3Bs%3A13%3A%22_csrf-backend%22%3Bi%3A1%3Bs%3A32%3A%226xBrSVgWRNhxWwg5BMWBVKSVUINSr0gu%22%3B%7D; advanced-backend=g6pmtvm0h3ehqkhanuj0iscj45; _csrf=509f2a8b8cdaffd28cc9e57d20dc9da8bc77b2dcbcb284ee4fb88e005f0056e8a%3A2%3A%7Bi%3A0%3Bs%3A5%3A%22_csrf%22%3Bi%3A1%3Bs%3A32%3A%22JBDGcKWYAymcpzzv9ljk2qRve9ZB84nn%22%3B%7D; _backendSessionId=1mr5gc459b07c9qjjav64ur7q1; _identity-backend=54bef117b168d5bedaaac17de363c9013795b65648dbf95d69f01e5e0440dda2a%3A2%3A%7Bi%3A0%3Bs%3A17%3A%22_identity-backend%22%3Bi%3A1%3Bs%3A46%3A%22%5B1%2C%22zTaCsnNMZbF18Ik1zf-KVkFXMp5yZVwp%22%2C2592000%5D%22%3B%7D; advanced-frontend=i02fsi19j2d79n6knu60r54hu3; _identity-frontend=63c8b39a080d60c087f84fd2e7a1a61c86ecf66022ffa32ecfbcefdcaaf3bb88a%3A2%3A%7Bi%3A0%3Bs%3A18%3A%22_identity-frontend%22%3Bi%3A1%3Bs%3A46%3A%22%5B5%2C%22-bFVVOUlE9LTmcgEyk8EljZ9d7hgCJAp%22%2C2592000%5D%22%3B%7D'
    'PATH' => '/usr/bin:/bin:/usr/sbin:/sbin'
    'DYLD_LIBRARY_PATH' => '/Applications/XAMPP/xamppfiles/lib'
    'SERVER_SIGNATURE' => ''
    'SERVER_SOFTWARE' => 'Apache/2.4.23 (Unix) OpenSSL/1.0.2h PHP/5.6.24 mod_perl/2.0.8-dev Perl/v5.16.3'
    'SERVER_NAME' => 'localhost'
    'SERVER_ADDR' => '::1'
    'SERVER_PORT' => '80'
    'REMOTE_ADDR' => '::1'
    'DOCUMENT_ROOT' => '/Users/tungphung/Documents/Sites'
    'REQUEST_SCHEME' => 'http'
    'CONTEXT_PREFIX' => ''
    'CONTEXT_DOCUMENT_ROOT' => '/Users/tungphung/Documents/Sites'
    'SERVER_ADMIN' => 'you@example.com'
    'SCRIPT_FILENAME' => '/Users/tungphung/Documents/Sites/talent_pool/api/web/index.php'
    'REMOTE_PORT' => '53382'
    'GATEWAY_INTERFACE' => 'CGI/1.1'
    'SERVER_PROTOCOL' => 'HTTP/1.1'
    'REQUEST_METHOD' => 'GET'
    'QUERY_STRING' => ''
    'REQUEST_URI' => '/talent_pool/api/web/'
    'SCRIPT_NAME' => '/talent_pool/api/web/index.php'
    'PHP_SELF' => '/talent_pool/api/web/index.php'
    'REQUEST_TIME_FLOAT' => 1482128951.115
    'REQUEST_TIME' => 1482128951
]
2016-12-19 14:29:32 [::1][-][-][error][yii\web\HttpException:404] exception 'yii\web\NotFoundHttpException' with message 'Page not found.' in /Users/tungphung/Documents/Sites/talent_pool/vendor/yiisoft/yii2/web/Request.php:191
Stack trace:
#0 /Users/tungphung/Documents/Sites/talent_pool/vendor/yiisoft/yii2/web/Application.php(80): yii\web\Request->resolve()
#1 /Users/tungphung/Documents/Sites/talent_pool/vendor/yiisoft/yii2/base/Application.php(375): yii\web\Application->handleRequest(Object(yii\web\Request))
#2 /Users/tungphung/Documents/Sites/talent_pool/api/web/index.php(19): yii\base\Application->run()
#3 {main}
2016-12-19 14:29:32 [::1][-][-][info][application] $_COOKIE = [
    '_identity' => '0060efa791d9135aee4f20b3d80f06d4c907c74ca5990cb619d17d31f89c44a2a:2:{i:0;s:9:\"_identity\";i:1;s:28:\"[\"101\",\"test101key\",2592000]\";}'
    '_csrf-frontend' => 'e71fc3cd7bd4f391c7880e0c5c7805b19b28fafd65a48ad2ae37d496c635c59ba:2:{i:0;s:14:\"_csrf-frontend\";i:1;s:32:\"RrJUCHbv5u2X0mm7SxB8eX9qNn4uvrV4\";}'
    '_frontendSessionId' => 'nq087riv7lcejrsq7oqhpktn07'
    '_csrf-backend' => '97254d325b6c69769caade43065430ac85dcdcc5a688c50ba0fa103ee84ad295a:2:{i:0;s:13:\"_csrf-backend\";i:1;s:32:\"6xBrSVgWRNhxWwg5BMWBVKSVUINSr0gu\";}'
    'advanced-backend' => 'g6pmtvm0h3ehqkhanuj0iscj45'
    '_csrf' => '509f2a8b8cdaffd28cc9e57d20dc9da8bc77b2dcbcb284ee4fb88e005f0056e8a:2:{i:0;s:5:\"_csrf\";i:1;s:32:\"JBDGcKWYAymcpzzv9ljk2qRve9ZB84nn\";}'
    '_backendSessionId' => '1mr5gc459b07c9qjjav64ur7q1'
    '_identity-backend' => '54bef117b168d5bedaaac17de363c9013795b65648dbf95d69f01e5e0440dda2a:2:{i:0;s:17:\"_identity-backend\";i:1;s:46:\"[1,\"zTaCsnNMZbF18Ik1zf-KVkFXMp5yZVwp\",2592000]\";}'
    'advanced-frontend' => 'i02fsi19j2d79n6knu60r54hu3'
    '_identity-frontend' => '63c8b39a080d60c087f84fd2e7a1a61c86ecf66022ffa32ecfbcefdcaaf3bb88a:2:{i:0;s:18:\"_identity-frontend\";i:1;s:46:\"[5,\"-bFVVOUlE9LTmcgEyk8EljZ9d7hgCJAp\",2592000]\";}'
]

$_SERVER = [
    'REDIRECT_UNIQUE_ID' => 'WFd@TH8AAAEAAA0oIK4AAAAG'
    'REDIRECT_STATUS' => '200'
    'UNIQUE_ID' => 'WFd@TH8AAAEAAA0oIK4AAAAG'
    'HTTP_HOST' => 'localhost'
    'HTTP_CONNECTION' => 'keep-alive'
    'HTTP_UPGRADE_INSECURE_REQUESTS' => '1'
    'HTTP_USER_AGENT' => 'Mozilla/5.0 (Macintosh; Intel Mac OS X 10_12_1) AppleWebKit/537.36 (KHTML, like Gecko) Chrome/55.0.2883.95 Safari/537.36'
    'HTTP_ACCEPT' => 'text/html,application/xhtml+xml,application/xml;q=0.9,image/webp,*/*;q=0.8'
    'HTTP_ACCEPT_ENCODING' => 'gzip, deflate, sdch, br'
    'HTTP_ACCEPT_LANGUAGE' => 'en-GB,en-US;q=0.8,en;q=0.6'
    'HTTP_COOKIE' => '_identity=0060efa791d9135aee4f20b3d80f06d4c907c74ca5990cb619d17d31f89c44a2a%3A2%3A%7Bi%3A0%3Bs%3A9%3A%22_identity%22%3Bi%3A1%3Bs%3A28%3A%22%5B%22101%22%2C%22test101key%22%2C2592000%5D%22%3B%7D; _csrf-frontend=e71fc3cd7bd4f391c7880e0c5c7805b19b28fafd65a48ad2ae37d496c635c59ba%3A2%3A%7Bi%3A0%3Bs%3A14%3A%22_csrf-frontend%22%3Bi%3A1%3Bs%3A32%3A%22RrJUCHbv5u2X0mm7SxB8eX9qNn4uvrV4%22%3B%7D; _frontendSessionId=nq087riv7lcejrsq7oqhpktn07; _csrf-backend=97254d325b6c69769caade43065430ac85dcdcc5a688c50ba0fa103ee84ad295a%3A2%3A%7Bi%3A0%3Bs%3A13%3A%22_csrf-backend%22%3Bi%3A1%3Bs%3A32%3A%226xBrSVgWRNhxWwg5BMWBVKSVUINSr0gu%22%3B%7D; advanced-backend=g6pmtvm0h3ehqkhanuj0iscj45; _csrf=509f2a8b8cdaffd28cc9e57d20dc9da8bc77b2dcbcb284ee4fb88e005f0056e8a%3A2%3A%7Bi%3A0%3Bs%3A5%3A%22_csrf%22%3Bi%3A1%3Bs%3A32%3A%22JBDGcKWYAymcpzzv9ljk2qRve9ZB84nn%22%3B%7D; _backendSessionId=1mr5gc459b07c9qjjav64ur7q1; _identity-backend=54bef117b168d5bedaaac17de363c9013795b65648dbf95d69f01e5e0440dda2a%3A2%3A%7Bi%3A0%3Bs%3A17%3A%22_identity-backend%22%3Bi%3A1%3Bs%3A46%3A%22%5B1%2C%22zTaCsnNMZbF18Ik1zf-KVkFXMp5yZVwp%22%2C2592000%5D%22%3B%7D; advanced-frontend=i02fsi19j2d79n6knu60r54hu3; _identity-frontend=63c8b39a080d60c087f84fd2e7a1a61c86ecf66022ffa32ecfbcefdcaaf3bb88a%3A2%3A%7Bi%3A0%3Bs%3A18%3A%22_identity-frontend%22%3Bi%3A1%3Bs%3A46%3A%22%5B5%2C%22-bFVVOUlE9LTmcgEyk8EljZ9d7hgCJAp%22%2C2592000%5D%22%3B%7D'
    'PATH' => '/usr/bin:/bin:/usr/sbin:/sbin'
    'DYLD_LIBRARY_PATH' => '/Applications/XAMPP/xamppfiles/lib'
    'SERVER_SIGNATURE' => ''
    'SERVER_SOFTWARE' => 'Apache/2.4.23 (Unix) OpenSSL/1.0.2h PHP/5.6.24 mod_perl/2.0.8-dev Perl/v5.16.3'
    'SERVER_NAME' => 'localhost'
    'SERVER_ADDR' => '::1'
    'SERVER_PORT' => '80'
    'REMOTE_ADDR' => '::1'
    'DOCUMENT_ROOT' => '/Users/tungphung/Documents/Sites'
    'REQUEST_SCHEME' => 'http'
    'CONTEXT_PREFIX' => ''
    'CONTEXT_DOCUMENT_ROOT' => '/Users/tungphung/Documents/Sites'
    'SERVER_ADMIN' => 'you@example.com'
    'SCRIPT_FILENAME' => '/Users/tungphung/Documents/Sites/talent_pool/api/web/index.php'
    'REMOTE_PORT' => '53386'
    'REDIRECT_URL' => '/talent_pool/api/web/v1/users/'
    'GATEWAY_INTERFACE' => 'CGI/1.1'
    'SERVER_PROTOCOL' => 'HTTP/1.1'
    'REQUEST_METHOD' => 'GET'
    'QUERY_STRING' => ''
    'REQUEST_URI' => '/talent_pool/api/web/v1/users/'
    'SCRIPT_NAME' => '/talent_pool/api/web/index.php'
    'PHP_SELF' => '/talent_pool/api/web/index.php'
    'REQUEST_TIME_FLOAT' => 1482128972.561
    'REQUEST_TIME' => 1482128972
]
